epoch,loss,mean_absolute_error,val_loss,val_mean_absolute_error
0,40.9923210144043,5.258843898773193,36.14372253417969,4.798783779144287
1,37.37822341918945,4.947796821594238,28.408653259277344,4.075565814971924
2,24.543306350708008,3.388699769973755,19.773252487182617,2.8916397094726562
3,20.363290786743164,2.8255934715270996,17.62855339050293,2.6277763843536377
4,18.839082717895508,2.6926095485687256,16.519948959350586,2.496519088745117
5,17.377635955810547,2.5009799003601074,15.022705078125,2.2865400314331055
6,14.994405746459961,2.1985223293304443,12.881278038024902,1.9263883829116821
7,11.968720436096191,1.7139602899551392,10.329031944274902,1.3882744312286377
8,9.561838150024414,1.2185430526733398,9.262213706970215,1.1976051330566406
9,8.750997543334961,1.1042852401733398,8.842815399169922,1.1758793592453003
10,8.260138511657715,1.0257478952407837,8.44541072845459,1.1201348304748535
11,7.962610244750977,0.9843032956123352,8.503434181213379,1.1911754608154297
12,7.970538139343262,1.037925362586975,8.101258277893066,1.1138023138046265
13,7.54753303527832,0.9689876437187195,7.8660993576049805,1.1178559064865112
14,7.254633903503418,0.9446918964385986,7.704680919647217,1.1107323169708252
15,7.2117533683776855,0.9462288618087769,7.607988357543945,1.1055585145950317
16,6.949435710906982,0.929969847202301,7.286186695098877,1.0566531419754028
17,6.823720932006836,0.9443832635879517,7.245972633361816,1.0696907043457031
18,6.586237907409668,0.8973765969276428,6.9586076736450195,1.033742904663086
19,6.429444789886475,0.8833616375923157,6.985411643981934,1.062936782836914
20,6.365095615386963,0.912860095500946,6.719223976135254,1.0191606283187866
21,6.3321051597595215,0.9364610314369202,6.527835845947266,1.012579083442688
22,6.105929374694824,0.9078280329704285,6.397115230560303,1.001288890838623
23,5.952467918395996,0.886654794216156,6.368760585784912,1.0113630294799805
24,5.783803939819336,0.8658201694488525,6.288856029510498,1.0180565118789673
25,5.735270023345947,0.8732801675796509,6.279045104980469,1.0290112495422363
26,5.604300022125244,0.8664831519126892,6.131624698638916,1.0117334127426147
27,5.6696248054504395,0.888553261756897,5.811013698577881,0.9501048922538757
28,5.498891830444336,0.8867632746696472,5.765410900115967,0.9630275368690491
29,5.35483980178833,0.8493638038635254,5.8293914794921875,0.9879776835441589
30,5.281461238861084,0.8432775139808655,5.725869178771973,0.9612178802490234
31,5.251842021942139,0.8629806637763977,5.768167972564697,1.007030725479126
32,5.196273326873779,0.8589386940002441,5.571673393249512,0.9588176608085632
33,5.15346097946167,0.8741000294685364,5.522204399108887,0.9541643261909485
34,5.08209753036499,0.8578624725341797,5.447267532348633,0.9479421973228455
35,5.026865482330322,0.8538067936897278,5.353761672973633,0.9221587181091309
36,4.932432174682617,0.8195898532867432,5.3384785652160645,0.9371259808540344
37,4.950192451477051,0.8391646146774292,5.290753364562988,0.9302449822425842
38,4.972450256347656,0.845745325088501,5.258786201477051,0.9203620553016663
39,4.895456314086914,0.8447437882423401,5.267343521118164,0.9339659810066223
40,4.797632217407227,0.8161019086837769,5.289934158325195,0.9477437138557434
41,4.866641044616699,0.8478938937187195,5.125448226928711,0.9066192507743835
42,4.82816219329834,0.8466508984565735,5.246504306793213,0.9716739654541016
43,4.747087478637695,0.8224496245384216,5.07573938369751,0.9197386503219604
44,4.682725429534912,0.8100970387458801,5.23701810836792,0.9672831296920776
45,4.669488430023193,0.8153795003890991,5.015405178070068,0.9182993769645691
46,4.613752841949463,0.7999524474143982,5.001411437988281,0.9174057841300964
47,4.66130256652832,0.8381056785583496,4.962254524230957,0.9057347774505615
48,4.58786153793335,0.8165996074676514,4.918267726898193,0.9020086526870728
49,4.599446773529053,0.8368393182754517,4.956336975097656,0.9229176044464111
50,4.578187942504883,0.8235412836074829,4.8560471534729,0.8974428176879883
51,4.5386552810668945,0.8099768161773682,4.882919788360596,0.9034647345542908
52,4.5008111000061035,0.8220072984695435,4.846456527709961,0.9099367260932922
53,4.504638671875,0.8140267133712769,4.915946960449219,0.922563910484314
54,4.458601474761963,0.8087676167488098,4.790018081665039,0.8965761065483093
55,4.454819679260254,0.8088659048080444,4.901436805725098,0.9257010817527771
56,4.379354000091553,0.7981995344161987,4.7036590576171875,0.8785571455955505
57,4.474791049957275,0.8440391421318054,4.699810028076172,0.8884695172309875
58,4.380436420440674,0.805736780166626,4.801348686218262,0.919133186340332
59,4.420776844024658,0.8314828872680664,4.6618475914001465,0.8939673900604248
60,4.3628106117248535,0.8066245317459106,4.71838903427124,0.9245959520339966
61,4.420904159545898,0.8467555642127991,4.590084552764893,0.8805770874023438
62,4.3622517585754395,0.8372443318367004,4.6918230056762695,0.8960879445075989
63,4.344073295593262,0.8306782841682434,4.5845746994018555,0.8814924359321594
64,4.256240367889404,0.8035439252853394,4.570916175842285,0.8970099687576294
65,4.30403470993042,0.8337105512619019,4.666149139404297,0.9341253638267517
66,4.267421245574951,0.8152557015419006,4.635975360870361,0.9352872967720032
67,4.309545040130615,0.8282742500305176,4.570477485656738,0.9052348732948303
68,4.2605390548706055,0.8222882151603699,4.550107479095459,0.9090357422828674
69,4.204945087432861,0.8100560307502747,4.526039123535156,0.9072562456130981
70,4.138781547546387,0.7817039489746094,4.635108470916748,0.9371742606163025
71,4.141293048858643,0.8037005066871643,4.467960357666016,0.8956292867660522
72,4.163558483123779,0.801704466342926,4.4315619468688965,0.884158194065094
73,4.177443981170654,0.8139081001281738,4.52235221862793,0.9168181419372559
74,4.1375203132629395,0.814504861831665,4.553168296813965,0.9303209185600281
75,4.13718843460083,0.8139423131942749,4.4378342628479,0.8953379392623901
76,4.0674591064453125,0.7995862364768982,4.496639728546143,0.9104026556015015
77,4.053409099578857,0.7865948677062988,4.453838348388672,0.9188148975372314
78,4.1146721839904785,0.8174684047698975,4.3382415771484375,0.8803769946098328
79,4.056801795959473,0.7931715846061707,4.370314598083496,0.886974573135376
80,4.005145072937012,0.783022940158844,4.403950214385986,0.9116514325141907
81,4.087014198303223,0.8237863183021545,4.4084601402282715,0.8989508152008057
82,4.01792049407959,0.8002129793167114,4.364937782287598,0.896744966506958
83,3.945737600326538,0.7717840671539307,4.260043621063232,0.8836030960083008
84,4.038215160369873,0.8109501004219055,4.307471752166748,0.8954172730445862
85,3.9926278591156006,0.8107451796531677,4.308228969573975,0.8871549367904663
86,3.9694528579711914,0.802224338054657,4.293927192687988,0.8968656659126282
87,3.9746687412261963,0.812448263168335,4.271796226501465,0.8957247138023376
88,3.908379316329956,0.7922254800796509,4.260833740234375,0.8913417458534241
89,3.9521188735961914,0.8061873912811279,4.213629722595215,0.8789698481559753
90,3.889939308166504,0.7925314903259277,4.435389041900635,0.9639362692832947
91,3.8836922645568848,0.7861233949661255,4.289288520812988,0.903120756149292
92,3.903974771499634,0.7978157997131348,4.250147819519043,0.8930164575576782
93,3.911079168319702,0.7985081076622009,4.290700435638428,0.9130375385284424
94,3.8854973316192627,0.8044490218162537,4.245889663696289,0.9016664624214172
95,3.859518051147461,0.7983956336975098,4.297712326049805,0.911246657371521
96,3.833622455596924,0.8021057844161987,4.141931056976318,0.8740156888961792
97,3.8773534297943115,0.8193060755729675,4.169873237609863,0.8854696750640869
98,3.843156099319458,0.806390106678009,4.1651458740234375,0.8842295408248901
99,3.8375797271728516,0.8055020570755005,4.131380081176758,0.8938540816307068
100,3.815864324569702,0.8032118082046509,4.173628330230713,0.8832805156707764
101,3.788921356201172,0.7923086285591125,4.22995662689209,0.9185616970062256
102,3.794973134994507,0.7950573563575745,4.024120330810547,0.8635687232017517
103,3.743349313735962,0.7920233011245728,4.151792526245117,0.8866379857063293
104,3.752161741256714,0.7879860401153564,4.0852952003479,0.8848255276679993
105,3.754657506942749,0.802403450012207,4.119497299194336,0.8974974751472473
106,3.749887704849243,0.7952186465263367,4.062106132507324,0.8811407685279846
107,3.802513599395752,0.8254823684692383,4.000134468078613,0.8660953044891357
108,3.6973884105682373,0.7825701236724854,4.104498863220215,0.8937621116638184
109,3.664905548095703,0.7807653546333313,4.064237594604492,0.899126410484314
110,3.7024145126342773,0.8056130409240723,4.028173446655273,0.879120409488678
111,3.7182462215423584,0.810427725315094,4.08778715133667,0.9055076241493225
112,3.670836925506592,0.794809103012085,3.9633610248565674,0.8815784454345703
113,3.648134708404541,0.7964580059051514,3.9917924404144287,0.9028658270835876
114,3.699265480041504,0.8152936100959778,4.119896411895752,0.9106321930885315
115,3.663262128829956,0.805907130241394,4.008249759674072,0.8982295989990234
116,3.65268611907959,0.7968947291374207,3.9366796016693115,0.8927635550498962
117,3.586439609527588,0.7794923782348633,3.895524024963379,0.8889830708503723
118,3.666665554046631,0.8094887733459473,4.015161037445068,0.8853660225868225
119,3.607558488845825,0.7937870621681213,4.004066467285156,0.9062806963920593
120,3.603463888168335,0.8084832429885864,3.851910352706909,0.8641324043273926
121,3.5516247749328613,0.7930282354354858,3.865863561630249,0.8690127730369568
122,3.5907626152038574,0.8048830628395081,3.9107096195220947,0.8930458426475525
123,3.591320514678955,0.8046382665634155,3.8336730003356934,0.865441083908081
124,3.604757308959961,0.8122705221176147,3.838076114654541,0.8577816486358643
125,3.619495153427124,0.8158130049705505,3.952420234680176,0.9244117140769958
126,3.5684404373168945,0.8081345558166504,3.814427375793457,0.8732481002807617
127,3.5820329189300537,0.8160222172737122,3.859799861907959,0.8850165605545044
128,3.5618433952331543,0.812494158744812,3.8622961044311523,0.8791291117668152
129,3.5225682258605957,0.7940801978111267,3.892611026763916,0.9062413573265076
130,3.5239980220794678,0.7960860729217529,3.9477827548980713,0.9234861135482788
131,3.577274799346924,0.8256266713142395,3.8232531547546387,0.8790546655654907
132,3.4957165718078613,0.792809784412384,3.822329521179199,0.8875287771224976
133,3.459496021270752,0.7813616991043091,3.867236375808716,0.9110959768295288
134,3.4859418869018555,0.7996959686279297,3.856344699859619,0.9025056958198547
